::1 - - [27/Aug/2024:11:54:18 +0000] "POST /api/auth/login HTTP/1.1" 401 37 "-" "PostmanRuntime/7.40.0"
::1 - - [27/Aug/2024:11:54:25 +0000] "POST /api/auth/login HTTP/1.1" 401 37 "-" "PostmanRuntime/7.40.0"
::1 - - [27/Aug/2024:11:55:30 +0000] "POST /api/auth/register HTTP/1.1" 500 48 "-" "PostmanRuntime/7.40.0"
::1 - - [27/Aug/2024:11:58:01 +0000] "POST /api/auth/register HTTP/1.1" 500 129 "-" "PostmanRuntime/7.40.0"
::1 - - [27/Aug/2024:11:58:29 +0000] "POST /api/auth/register HTTP/1.1" 500 48 "-" "PostmanRuntime/7.40.0"
::1 - - [27/Aug/2024:11:59:12 +0000] "POST /api/auth/login HTTP/1.1" 500 48 "-" "PostmanRuntime/7.40.0"
::1 - - [27/Aug/2024:12:00:27 +0000] "POST /api/auth/register HTTP/1.1" 201 183 "-" "PostmanRuntime/7.40.0"
::1 - - [27/Aug/2024:12:00:41 +0000] "POST /api/auth/login HTTP/1.1" 200 183 "-" "PostmanRuntime/7.40.0"
::1 - - [27/Aug/2024:12:02:14 +0000] "POST /api/auth/refresh-token HTTP/1.1" 200 183 "-" "PostmanRuntime/7.40.0"
::1 - - [27/Aug/2024:12:02:41 +0000] "POST /api/auth/login HTTP/1.1" 401 37 "-" "PostmanRuntime/7.40.0"
::1 - - [27/Aug/2024:12:02:47 +0000] "POST /api/auth/login HTTP/1.1" 200 183 "-" "PostmanRuntime/7.40.0"
::1 - - [27/Aug/2024:12:05:32 +0000] "POST /api/auth/login HTTP/1.1" 200 183 "-" "PostmanRuntime/7.40.0"
::1 - - [27/Aug/2024:12:06:06 +0000] "POST /api/restaurants HTTP/1.1" 201 183 "-" "PostmanRuntime/7.40.0"
::1 - - [27/Aug/2024:12:12:47 +0000] "POST /api/restaurants HTTP/1.1" 500 435 "-" "PostmanRuntime/7.40.0"
::1 - - [27/Aug/2024:12:16:29 +0000] "POST /api/restaurants HTTP/1.1" 201 209 "-" "PostmanRuntime/7.40.0"
::1 - - [27/Aug/2024:12:16:41 +0000] "POST /api/restaurants HTTP/1.1" 201 214 "-" "PostmanRuntime/7.40.0"
::1 - - [27/Aug/2024:12:17:36 +0000] "POST /api/restaurants HTTP/1.1" 201 197 "-" "PostmanRuntime/7.40.0"
::1 - - [27/Aug/2024:12:17:49 +0000] "POST /api/restaurants HTTP/1.1" 201 195 "-" "PostmanRuntime/7.40.0"
::1 - - [27/Aug/2024:12:18:43 +0000] "POST /api/restaurants HTTP/1.1" 201 209 "-" "PostmanRuntime/7.40.0"
::1 - - [27/Aug/2024:12:19:51 +0000] "POST /api/restaurants HTTP/1.1" 201 218 "-" "PostmanRuntime/7.40.0"
::1 - - [27/Aug/2024:12:20:32 +0000] "POST /api/restaurants HTTP/1.1" 201 218 "-" "PostmanRuntime/7.40.0"
::1 - - [27/Aug/2024:12:20:39 +0000] "POST /api/restaurants HTTP/1.1" 201 223 "-" "PostmanRuntime/7.40.0"
::1 - - [27/Aug/2024:12:20:45 +0000] "POST /api/restaurants HTTP/1.1" 201 206 "-" "PostmanRuntime/7.40.0"
::1 - - [27/Aug/2024:12:20:50 +0000] "POST /api/restaurants HTTP/1.1" 201 204 "-" "PostmanRuntime/7.40.0"
::1 - - [27/Aug/2024:12:20:55 +0000] "POST /api/restaurants HTTP/1.1" 201 222 "-" "PostmanRuntime/7.40.0"
::1 - - [27/Aug/2024:12:21:01 +0000] "POST /api/restaurants HTTP/1.1" 201 212 "-" "PostmanRuntime/7.40.0"
::1 - - [27/Aug/2024:12:21:07 +0000] "POST /api/restaurants HTTP/1.1" 201 220 "-" "PostmanRuntime/7.40.0"
::1 - - [27/Aug/2024:12:21:12 +0000] "POST /api/restaurants HTTP/1.1" 201 210 "-" "PostmanRuntime/7.40.0"
::1 - - [27/Aug/2024:12:21:17 +0000] "POST /api/restaurants HTTP/1.1" 201 193 "-" "PostmanRuntime/7.40.0"
::1 - - [27/Aug/2024:12:21:21 +0000] "POST /api/restaurants HTTP/1.1" 201 216 "-" "PostmanRuntime/7.40.0"
::1 - - [27/Aug/2024:12:22:01 +0000] "POST /api/restaurants/radius HTTP/1.1" 200 2135 "-" "PostmanRuntime/7.40.0"
::1 - - [27/Aug/2024:12:22:21 +0000] "POST /api/restaurants/distance-range HTTP/1.1" 200 2 "-" "PostmanRuntime/7.40.0"
::1 - - [27/Aug/2024:12:23:38 +0000] "POST /api/restaurants/radius HTTP/1.1" 200 2 "-" "PostmanRuntime/7.40.0"
::1 - - [27/Aug/2024:12:23:41 +0000] "POST /api/restaurants/distance-range HTTP/1.1" 200 2 "-" "PostmanRuntime/7.40.0"
::1 - - [27/Aug/2024:12:24:45 +0000] "POST /api/restaurants/radius HTTP/1.1" 200 2 "-" "PostmanRuntime/7.40.0"
::1 - - [27/Aug/2024:12:24:56 +0000] "POST /api/restaurants/radius HTTP/1.1" 200 2 "-" "PostmanRuntime/7.40.0"
::1 - - [27/Aug/2024:12:25:01 +0000] "POST /api/restaurants/radius HTTP/1.1" 200 2135 "-" "PostmanRuntime/7.40.0"
::1 - - [27/Aug/2024:12:27:28 +0000] "POST /api/restaurants/radius HTTP/1.1" 200 1823 "-" "PostmanRuntime/7.40.0"
::1 - - [27/Aug/2024:12:28:23 +0000] "POST /api/restaurants/distance-range HTTP/1.1" 200 2 "-" "PostmanRuntime/7.40.0"
::1 - - [27/Aug/2024:12:28:29 +0000] "POST /api/restaurants/distance-range HTTP/1.1" 200 2135 "-" "PostmanRuntime/7.40.0"
::1 - - [27/Aug/2024:12:28:42 +0000] "POST /api/restaurants/distance-range HTTP/1.1" 200 1823 "-" "PostmanRuntime/7.40.0"
